2025-05-14 13:43:54 -04 LOG:  sistema de banco de dados foi desligado em 2025-05-14 13:43:44 -04
2025-05-14 13:48:54 -04 LOG:  checkpoint starting: time
2025-05-14 13:48:56 -04 LOG:  checkpoint complete: wrote 19 buffers (0.1%); 0 WAL file(s) added, 0 removed, 0 recycled; write=1.766 s, sync=0.026 s, total=1.832 s; sync files=11, longest=0.010 s, average=0.003 s; distance=45 kB, estimate=45 kB; lsn=0/15744C8, redo lsn=0/1574470
2025-05-14 13:53:54 -04 LOG:  checkpoint starting: time
2025-05-14 13:54:41 -04 LOG:  checkpoint complete: wrote 429 buffers (2.6%); 0 WAL file(s) added, 0 removed, 0 recycled; write=46.789 s, sync=0.018 s, total=46.852 s; sync files=4, longest=0.012 s, average=0.005 s; distance=4535 kB, estimate=4535 kB; lsn=0/19E25B8, redo lsn=0/19E2158
2025-05-14 13:54:41 -04 LOG:  checkpoint starting: immediate force wait
2025-05-14 13:54:41 -04 LOG:  checkpoint complete: wrote 1 buffers (0.0%); 0 WAL file(s) added, 0 removed, 0 recycled; write=0.004 s, sync=0.003 s, total=0.047 s; sync files=1, longest=0.003 s, average=0.003 s; distance=1 kB, estimate=4081 kB; lsn=0/19E26C0, redo lsn=0/19E2668
2025-05-14 13:59:41 -04 LOG:  checkpoint starting: time
2025-05-14 13:59:41 -04 LOG:  checkpoint complete: wrote 2 buffers (0.0%); 0 WAL file(s) added, 0 removed, 0 recycled; write=0.113 s, sync=0.004 s, total=0.153 s; sync files=2, longest=0.003 s, average=0.002 s; distance=0 kB, estimate=3673 kB; lsn=0/19E2858, redo lsn=0/19E2800
2025-05-14 14:04:11 -04 ERRO:  erro de sintaxe em ou próximo a "psql" no caractere 1
2025-05-14 14:04:11 -04 COMANDO:  psql -U postgres -d meubanco -f "caminho/para/MeuBD_Dump.sql"
	
2025-05-14 14:04:41 -04 LOG:  checkpoint starting: time
2025-05-14 14:06:37 -04 LOG:  checkpoint complete: wrote 964 buffers (5.9%); 1 WAL file(s) added, 0 removed, 0 recycled; write=105.806 s, sync=0.794 s, total=115.613 s; sync files=300, longest=0.129 s, average=0.003 s; distance=4535 kB, estimate=4535 kB; lsn=0/1E50660, redo lsn=0/1E505D0
2025-05-14 14:07:09 -04 ERRO:  erro de sintaxe em ou próximo a "\" no caractere 4422
2025-05-14 14:07:09 -04 COMANDO:  --
	-- PostgreSQL database dump
	--
	
	-- Dumped from database version 17.4
	-- Dumped by pg_dump version 17.4
	
	-- Started on 2025-05-04 22:33:12
	
	SET statement_timeout = 0;
	SET lock_timeout = 0;
	SET idle_in_transaction_session_timeout = 0;
	SET transaction_timeout = 0;
	SET client_encoding = 'UTF8';
	SET standard_conforming_strings = on;
	SELECT pg_catalog.set_config('search_path', '', false);
	SET check_function_bodies = false;
	SET xmloption = content;
	SET client_min_messages = warning;
	SET row_security = off;
	
	SET default_tablespace = '';
	
	SET default_table_access_method = heap;
	
	--
	-- TOC entry 220 (class 1259 OID 16413)
	-- Name: agencia; Type: TABLE; Schema: public; Owner: postgres
	--
	
	CREATE TABLE public.agencia (
	    id_agencia integer NOT NULL,
	    nome character varying(100),
	    cidade character varying(100),
	    uf character(2)
	);
	
	
	ALTER TABLE public.agencia OWNER TO postgres;
	
	--
	-- TOC entry 221 (class 1259 OID 16418)
	-- Name: cliente; Type: TABLE; Schema: public; Owner: postgres
	--
	
	CREATE TABLE public.cliente (
	    id_cliente integer NOT NULL,
	    nome character varying(100),
	    telefone character varying(15),
	    logradouro character varying(100),
	    cidade character varying(100),
	    uf character(2)
	);
	
	
	ALTER TABLE public.cliente OWNER TO postgres;
	
	--
	-- TOC entry 219 (class 1259 OID 16398)
	-- Name: consulta; Type: TABLE; Schema: public; Owner: postgres
	--
	
	CREATE TABLE public.consulta (
	    id_consulta integer NOT NULL,
	    dt_consulta date,
	    localizacao character varying(100),
	    hr_consulta time without time zone,
	    prescricao character varying(100),
	    pedido_exame character varying(100),
	    diagnostico character varying(100),
	    id_paciente integer,
	    id_medico integer
	);
	
	
	ALTER TABLE public.consulta OWNER TO postgres;
	
	--
	-- TOC entry 222 (class 1259 OID 16423)
	-- Name: conta_corrente; Type: TABLE; Schema: public; Owner: postgres
	--
	
	CREATE TABLE public.conta_corrente (
	    id_conta_corrente integer NOT NULL,
	    saldo numeric(7,2),
	    id_agencia integer,
	    id_cliente integer
	);
	
	
	ALTER TABLE public.conta_corrente OWNER TO postgres;
	
	--
	-- TOC entry 224 (class 1259 OID 16448)
	-- Name: departamento; Type: TABLE; Schema: public; Owner: postgres
	--
	
	CREATE TABLE public.departamento (
	    id_departamento integer NOT NULL,
	    nome character varying(100),
	    responsavel character varying(100),
	    sigla character varying(10)
	);
	
	
	ALTER TABLE public.departamento OWNER TO postgres;
	
	--
	-- TOC entry 223 (class 1259 OID 16438)
	-- Name: emprestimo; Type: TABLE; Schema: public; Owner: postgres
	--
	
	CREATE TABLE public.emprestimo (
	    id_emprestimo integer NOT NULL,
	    dt_efetivacao date,
	    valor numeric(7,2),
	    dt_encerramento date,
	    id_conta_corrente integer
	);
	
	
	ALTER TABLE public.emprestimo OWNER TO postgres;
	
	--
	-- TOC entry 225 (class 1259 OID 16453)
	-- Name: funcionario; Type: TABLE; Schema: public; Owner: postgres
	--
	
	CREATE TABLE public.funcionario (
	    id_funcionario integer NOT NULL,
	    nome character varying(100),
	    cpf character(11),
	    sexo character(1),
	    telefone character varying(15),
	    endereco character varying(100),
	    dt_admissao date,
	    funcao character varying(100),
	    matricula character varying(10),
	    id_departamento integer
	);
	
	
	ALTER TABLE public.funcionario OWNER TO postgres;
	
	--
	-- TOC entry 217 (class 1259 OID 16388)
	-- Name: medico; Type: TABLE; Schema: public; Owner: postgres
	--
	
	CREATE TABLE public.medico (
	    id_medico integer NOT NULL,
	    nome character varying(100),
	    dt_nascimento date,
	    sexo character(1),
	    telefone character varying(15),
	    endereco character varying(100),
	    especialidade character varying(100),
	    crm character varying(15)
	);
	
	
	ALTER TABLE public.medico OWNER TO postgres;
	
	--
	-- TOC entry 218 (class 1259 OID 16393)
	-- Name: paciente; Type: TABLE; Schema: public; Owner: postgres
	--
	
	CREATE TABLE public.paciente (
	    id_paciente integer NOT NULL,
	    nome character varying(100),
	    rg character(10),
	    cpf character(11),
	    dt_nascimento date,
	    sexo character(1),
	    endereco character varying(100),
	    email character varying(100),
	    telefone character varying(15)
	);
	
	
	ALTER TABLE public.paciente OWNER TO postgres;
	
	--
	-- TOC entry 4945 (class 0 OID 16413)
	-- Dependencies: 220
	-- Data for Name: agencia; Type: TABLE DATA; Schema: public; Owner: postgres
	--
	
	COPY public.agencia (id_agencia, nome, cidade, uf) FROM stdin;
	\.
	
	
	--
	-- TOC entry 4946 (class 0 OID 16418)
	-- Dependencies: 221
	-- Data for Name: cliente; Type: TABLE DATA; Schema: public; Owner: postgres
	--
	
	COPY public.cliente (id_cliente, nome, telefone, logradouro, cidade, uf) FROM stdin;
	\.
	
	
	--
	-- TOC entry 4944 (class 0 OID 16398)
	-- Dependencies: 219
	-- Data for Name: consulta; Type: TABLE DATA; Schema: public; Owner: postgres
	--
	
	COPY public.consulta (id_consulta, dt_consulta, localizacao, hr_consulta, prescricao, pedido_exame, diagnostico, id_paciente, id_medico) FROM stdin;
	1	2025-04-01	Sala 101	08:30:00	Paracetamol 500mg 3x ao dia	Exame de sangue	Febre e dor de cabeça	1	1
	2	2025-04-15	Sala 102	10:00:00	Amoxicilina 500mg 2x ao dia	Raio-X do tórax	Infecção respiratória	1	2
	3	2025-03-22	Sala 201	09:00:00	Dipirona 1g se dor	Exame de urina	Cólica abdominal	2	3
	4	2025-04-10	Sala 103	14:00:00	Ibuprofeno 600mg	Ultrassom abdominal	Dor abdominal	2	1
	5	2025-03-30	Sala 104	11:30:00	Repouso e hidratação	Exame PCR	Virose	3	2
	6	2025-04-12	Sala 105	13:00:00	Losartana 50mg	Eletrocardiograma	Pressão alta	3	3
	7	2025-04-02	Sala 106	08:45:00	Vitamina D 50.000 UI	Exame de sangue	Fraqueza muscular	4	1
	8	2025-04-16	Sala 101	10:30:00	Antibiótico tópico	Cultura de secreção	Infecção de pele	4	2
	9	2025-04-05	Sala 102	15:00:00	Hidroclorotiazida 25mg	Exame de sangue	Retenção de líquidos	5	3
	10	2025-04-20	Sala 103	09:45:00	Pomada antifúngica	Exame micológico	Micose	5	1
	11	2025-04-08	Sala 104	11:15:00	Analgésico leve	RX de coluna	Dor lombar	6	2
	12	2025-04-25	Sala 105	13:30:00	Antiinflamatório	Ressonância	Hérnia de disco	6	3
	\.
	
	
	--
	-- TOC entry 4947 (class 0 OID 16423)
	-- Dependencies: 222
	-- Data for Name: conta_corrente; Type: TABLE DATA; Schema: public; Owner: postgres
	--
	
	COPY public.conta_corrente (id_conta_corrente, saldo, id_agencia, id_cliente) FROM stdin;
	\.
	
	
	--
	-- TOC entry 4949 (class 0 OID 16448)
	-- Dependencies: 224
	-- Data for Name: departamento; Type: TABLE DATA; Schema: public; Owner: postgres
	--
	
	COPY public.departamento (id_departamento, nome, responsavel, sigla) FROM stdin;
	1	superintendencia de ti	felipe	sti
	2	coordenadoria de suporte de ti	vitoria	coatsut
	3	coordenadoria de infraestrutura	neto	Coiet
	4	coordenadoria de desenvolvimento	rafael	codemsi
	\.
	
	
	--
	-- TOC entry 4948 (class 0 OID 16438)
	-- Dependencies: 223
	-- Data for Name: emprestimo; Type: TABLE DATA; Schema: public; Owner: postgres
	--
	
	COPY public.emprestimo (id_emprestimo, dt_efetivacao, valor, dt_encerramento, id_conta_corrente) FROM stdin;
	\.
	
	
	--
	-- TOC entry 4950 (class 0 OID 16453)
	-- Dependencies: 225
	-- Data for Name: funcionario; Type: TABLE DATA; Schema: public; Owner: postgres
	--
	
	COPY public.funcionario (id_funcionario, nome, cpf, sexo, telefone, endereco, dt_admissao, funcao, matricula, id_departamento) FROM stdin;
	1	Marcos Vieira	12345678901	M	65991234567	Rua Alpha, 101	2022-03-15	Técnico de Suporte	MAT2022001	2
	2	Luciana Torres	23456789012	F	65992345678	Rua Beta, 202	2023-01-10	Analista de Suporte	MAT2023002	2
	3	Carlos Mendes	34567890123	M	65993456789	Av. Central, 303	2021-08-01	Administrador de Redes	MAT2021003	3
	4	Patrícia Almeida	45678901234	F	65994567890	Rua das Árvores, 404	2022-11-20	Engenheira de Infraestrutura	MAT2022004	3
	5	Tiago Martins	56789012345	M	65995678901	Rua do Código, 505	2020-05-05	Desenvolvedor Back-End	MAT2020005	4
	6	Fernanda Lima	67890123456	F	65996789012	Av. Tech, 606	2023-04-12	Desenvolvedora Front-End	MAT2023006	4
	7	Juliana Souza	78901234567	F	65997890123	Rua da Inovação, 707	2021-09-15	Gerente de Projetos	MAT2021007	1
	8	André Ferreira	89012345678	M	65998901234	Av. Principal, 808	2022-02-28	Coordenador de TI	MAT2022008	1
	\.
	
	
	--
	-- TOC entry 4942 (class 0 OID 16388)
	-- Dependencies: 217
	-- Data for Name: medico; Type: TABLE DATA; Schema: public; Owner: postgres
	--
	
	COPY public.medico (id_medico, nome, dt_nascimento, sexo, telefone, endereco, especialidade, crm) FROM stdin;
	1	otoniel s silva	2001-11-22	m	65996112211	JD.Florianopolis R:20 QD:70 N°15	cirugiao cardiaco	320077
	2	Vitoria cristina	2001-07-07	f	65996112211	JD.araes	cirugiao cerebro	298120
	3	otto s silva	2000-09-10	m	65996112211	JD.Florianopolis R:20 QD:70 N°15	Medico clinico	05050
	\.
	
	
	--
	-- TOC entry 4943 (class 0 OID 16393)
	-- Dependencies: 218
	-- Data for Name: paciente; Type: TABLE DATA; Schema: public; Owner: postgres
	--
	
	COPY public.paciente (id_paciente, nome, rg, cpf, dt_nascimento, sexo, endereco, email, telefone) FROM stdin;
	1	Ana Paula Silva	123456789 	11122233344	1990-05-12	F	Rua das Flores, 123	ana.silva@gmail.com	(11) 91234-5678
	2	Bruno Costa Almeida	987654321 	22233344455	1985-08-23	M	Av. Brasil, 456	bruno.almeida@yahoo.com	(21) 99876-5432
	3	Carlos Henrique Souza	456789123 	33344455566	1979-11-02	M	Rua A, nº 10, Centro	carlos.souza@outlook.com	(31) 97788-1122
	4	Daniela Moura Lopes	321654987 	44455566677	1995-03-18	F	Rua B, nº 25, Bairro Novo	daniela.lopes@gmail.com	(41) 96655-4433
	5	Eduarda Ramos Teles	654987321 	55566677788	2000-12-30	F	Travessa da Paz, 77	eduarda.teles@hotmail.com	(71) 93456-7890
	6	Felipe Martins Rocha	159753486 	66677788899	1988-07-09	M	Av. Central, 89	felipe.rocha@gmail.com	(85) 94567-1234
	\.
	
	
	--
	-- TOC entry 4780 (class 2606 OID 16417)
	-- Name: agencia agencia_pkey; Type: CONSTRAINT; Schema: public; Owner: postgres
	--
	
	ALTER TABLE ONLY public.agencia
	    ADD CONSTRAINT agencia_pkey PRIMARY KEY (id_agencia);
	
	
	--
	-- TOC entry 4782 (class 2606 OID 16422)
	-- Name: cliente cliente_pkey; Type: CONSTRAINT; Schema: public; Owner: postgres
	--
	
	ALTER TABLE ONLY public.cliente
	    ADD CONSTRAINT cliente_pkey PRIMARY KEY (id_cliente);
	
	
	--
	-- TOC entry 4778 (class 2606 OID 16402)
	-- Name: consulta consulta_pkey; Type: CONSTRAINT; Schema: public; Owner: postgres
	--
	
	ALTER TABLE ONLY public.consulta
	    ADD CONSTRAINT consulta_pkey PRIMARY KEY (id_consulta);
	
	
	--
	-- TOC entry 4784 (class 2606 OID 16427)
	-- Name: conta_corrente conta_corrente_pkey; Type: CONSTRAINT; Schema: public; Owner: postgres
	--
	
	ALTER TABLE ONLY public.conta_corrente
	    ADD CONSTRAINT conta_corrente_pkey PRIMARY KEY (id_conta_corrente);
	
	
	--
	-- TOC entry 4788 (class 2606 OID 16452)
	-- Name: departamento departamento_pkey; Type: CONSTRAINT; Schema: public; Owner: postgres
	--
	
	ALTER TABLE ONLY public.departamento
	    ADD CONSTRAINT departamento_pkey PRIMARY KEY (id_departamento);
	
	
	--
	-- TOC entry 4786 (class 2606 OID 16442)
	-- Name: emprestimo emprestimo_pkey; Type: CONSTRAINT; Schema: public; Owner: postgres
	--
	
	ALTER TABLE ONLY public.emprestimo
	    ADD CONSTRAINT emprestimo_pkey PRIMARY KEY (id_emprestimo);
	
	
	--
	-- TOC entry 4790 (class 2606 OID 16457)
	-- Name: funcionario funcionario_pkey; Type: CONSTRAINT; Schema: public; Owner: postgres
	--
	
	ALTER TABLE ONLY public.funcionario
	    ADD CONSTRAINT funcionario_pkey PRIMARY KEY (id_funcionario);
	
	
	--
	-- TOC entry 4774 (class 2606 OID 16392)
	-- Name: medico medico_pkey; Type: CONSTRAINT; Schema: public; Owner: postgres
	--
	
	ALTER TABLE ONLY public.medico
	    ADD CONSTRAINT medico_pkey PRIMARY KEY (id_medico);
	
	
	--
	-- TOC entry 4776 (class 2606 OID 16397)
	-- Name: paciente paciente_pkey; Type: CONSTRAINT; Schema: public; Owner: postgres
	--
	
	ALTER TABLE ONLY public.paciente
	    ADD CONSTRAINT paciente_pkey PRIMARY KEY (id_paciente);
	
	
	--
	-- TOC entry 4791 (class 2606 OID 16403)
	-- Name: consulta consulta_id_medico_fkey; Type: FK CONSTRAINT; Schema: public; Owner: postgres
	--
	
	ALTER TABLE ONLY public.consulta
	    ADD CONSTRAINT consulta_id_medico_fkey FOREIGN KEY (id_medico) REFERENCES public.medico(id_medico);
	
	
	--
	-- TOC entry 4792 (class 2606 OID 16408)
	-- Name: consulta consulta_id_paciente_fkey; Type: FK CONSTRAINT; Schema: public; Owner: postgres
	--
	
	ALTER TABLE ONLY public.consulta
	    ADD CONSTRAINT consulta_id_paciente_fkey FOREIGN KEY (id_paciente) REFERENCES public.paciente(id_paciente);
	
	
	--
	-- TOC entry 4793 (class 2606 OID 16428)
	-- Name: conta_corrente conta_corrente_id_agencia_fkey; Type: FK CONSTRAINT; Schema: public; Owner: postgres
	--
	
	ALTER TABLE ONLY public.conta_corrente
	    ADD CONSTRAINT conta_corrente_id_agencia_fkey FOREIGN KEY (id_agencia) REFERENCES public.agencia(id_agencia);
	
	
	--
	-- TOC entry 4794 (class 2606 OID 16433)
	-- Name: conta_corrente conta_corrente_id_cliente_fkey; Type: FK CONSTRAINT; Schema: public; Owner: postgres
	--
	
	ALTER TABLE ONLY public.conta_corrente
	    ADD CONSTRAINT conta_corrente_id_cliente_fkey FOREIGN KEY (id_cliente) REFERENCES public.cliente(id_cliente);
	
	
	--
	-- TOC entry 4795 (class 2606 OID 16443)
	-- Name: emprestimo emprestimo_id_conta_corrente_fkey; Type: FK CONSTRAINT; Schema: public; Owner: postgres
	--
	
	ALTER TABLE ONLY public.emprestimo
	    ADD CONSTRAINT emprestimo_id_conta_corrente_fkey FOREIGN KEY (id_conta_corrente) REFERENCES public.conta_corrente(id_conta_corrente);
	
	
	--
	-- TOC entry 4796 (class 2606 OID 16458)
	-- Name: funcionario funcionario_id_departamento_fkey; Type: FK CONSTRAINT; Schema: public; Owner: postgres
	--
	
	ALTER TABLE ONLY public.funcionario
	    ADD CONSTRAINT funcionario_id_departamento_fkey FOREIGN KEY (id_departamento) REFERENCES public.departamento(id_departamento);
	
	
	-- Completed on 2025-05-04 22:33:13
	
	--
	-- PostgreSQL database dump complete
	--
	
	
2025-05-14 14:23:10 -04 ERRO:  erro de sintaxe em ou próximo a "1" no caractere 151
2025-05-14 14:23:10 -04 COMANDO:  
	COPY public.consulta (id_consulta, dt_consulta, localizacao, hr_consulta, prescricao, pedido_exame, diagnostico, id_paciente, id_medico) FROM stdin;
	1	2025-04-01	Sala 101	08:30:00	Paracetamol 500mg 3x ao dia	Exame de sangue	Febre e dor de cabeça	1	1
	2	2025-04-15	Sala 102	10:00:00	Amoxicilina 500mg 2x ao dia	Raio-X do tórax	Infecção respiratória	1	2
	3	2025-03-22	Sala 201	09:00:00	Dipirona 1g se dor	Exame de urina	Cólica abdominal	2	3
	4	2025-04-10	Sala 103	14:00:00	Ibuprofeno 600mg	Ultrassom abdominal	Dor abdominal	2	1
	5	2025-03-30	Sala 104	11:30:00	Repouso e hidratação	Exame PCR	Virose	3	2
	6	2025-04-12	Sala 105	13:00:00	Losartana 50mg	Eletrocardiograma	Pressão alta	3	3
	7	2025-04-02	Sala 106	08:45:00	Vitamina D 50.000 UI	Exame de sangue	Fraqueza muscular	4	1
	8	2025-04-16	Sala 101	10:30:00	Antibiótico tópico	Cultura de secreção	Infecção de pele	4	2
	9	2025-04-05	Sala 102	15:00:00	Hidroclorotiazida 25mg	Exame de sangue	Retenção de líquidos	5	3
	10	2025-04-20	Sala 103	09:45:00	Pomada antifúngica	Exame micológico	Micose	5	1
	11	2025-04-08	Sala 104	11:15:00	Analgésico leve	RX de coluna	Dor lombar	6	2
	12	2025-04-25	Sala 105	13:30:00	Antiinflamatório	Ressonância	Hérnia de disco	6	3
	\.
	
2025-05-14 14:24:41 -04 LOG:  checkpoint starting: time
2025-05-14 14:24:44 -04 LOG:  checkpoint complete: wrote 33 buffers (0.2%); 0 WAL file(s) added, 0 removed, 0 recycled; write=3.546 s, sync=0.050 s, total=3.639 s; sync files=29, longest=0.009 s, average=0.002 s; distance=152 kB, estimate=4097 kB; lsn=0/1E76678, redo lsn=0/1E76620
2025-05-14 14:27:52 -04 ERRO:  cadeia de caracteres entre aspas não foi terminada em ou próximo a "'Trav
	" no caractere 5795
2025-05-14 14:27:52 -04 COMANDO:  -- Inserir dados na tabela "agencia"
	INSERT INTO public.agencia (id_agencia, nome, cidade, uf) VALUES
	(1, 'Agência Central', 'São Paulo', 'SP'),
	(2, 'Agência Sul', 'Rio de Janeiro', 'RJ'),
	(3, 'Agência Norte', 'Belo Horizonte', 'MG');
	
	-- Inserir dados na tabela "cliente"
	INSERT INTO public.cliente (id_cliente, nome, telefone, logradouro, cidade, uf) VALUES
	(1, 'Ana Paula Silva', '(11) 91234-5678', 'Rua das Flores, 123', 'São Paulo', 'SP'),
	(2, 'Bruno Costa Almeida', '(21) 99876-5432', 'Av. Brasil, 456', 'Rio de Janeiro', 'RJ'),
	(3, 'Carlos Henrique Souza', '(31) 97788-1122', 'Rua A, nº 10, Centro', 'Belo Horizonte', 'MG'),
	(4, 'Daniela Moura Lopes', '(41) 96655-4433', 'Rua B, nº 25, Bairro Novo', 'Curitiba', 'PR'),
	(5, 'Eduarda Ramos Teles', '(71) 93456-7890', 'Travessa da Paz, 77', 'Salvador', 'BA'),
	(6, 'Felipe Martins Rocha', '(85) 94567-1234', 'Av. Central, 89', 'Fortaleza', 'CE');
	
	-- Inserir dados na tabela "consulta"
	INSERT INTO public.consulta (id_consulta, dt_consulta, localizacao, hr_consulta, prescricao, pedido_exame, diagnostico, id_paciente, id_medico) VALUES
	(1, '2025-04-01', 'Sala 101', '08:30:00', 'Paracetamol 500mg 3x ao dia', 'Exame de sangue', 'Febre e dor de cabeça', 1, 1),
	(2, '2025-04-15', 'Sala 102', '10:00:00', 'Amoxicilina 500mg 2x ao dia', 'Raio-X do tórax', 'Infecção respiratória', 1, 2),
	(3, '2025-03-22', 'Sala 201', '09:00:00', 'Dipirona 1g se dor', 'Exame de urina', 'Cólica abdominal', 2, 3),
	(4, '2025-04-10', 'Sala 103', '14:00:00', 'Ibuprofeno 600mg', 'Ultrassom abdominal', 'Dor abdominal', 2, 1),
	(5, '2025-03-30', 'Sala 104', '11:30:00', 'Repouso e hidratação', 'Exame PCR', 'Virose', 3, 2),
	(6, '2025-04-12', 'Sala 105', '13:00:00', 'Losartana 50mg', 'Eletrocardiograma', 'Pressão alta', 3, 3),
	(7, '2025-04-02', 'Sala 106', '08:45:00', 'Vitamina D 50.000 UI', 'Exame de sangue', 'Fraqueza muscular', 4, 1),
	(8, '2025-04-16', 'Sala 101', '10:30:00', 'Antibiótico tópico', 'Cultura de secreção', 'Infecção de pele', 4, 2),
	(9, '2025-04-05', 'Sala 102', '15:00:00', 'Hidroclorotiazida 25mg', 'Exame de sangue', 'Retenção de líquidos', 5, 3),
	(10, '2025-04-20', 'Sala 103', '09:45:00', 'Pomada antifúngica', 'Exame micológico', 'Micose', 5, 1),
	(11, '2025-04-08', 'Sala 104', '11:15:00', 'Analgésico leve', 'RX de coluna', 'Dor lombar', 6, 2),
	(12, '2025-04-25', 'Sala 105', '13:30:00', 'Antiinflamatório', 'Ressonância', 'Hérnia de disco', 6, 3);
	
	-- Inserir dados na tabela "conta_corrente"
	INSERT INTO public.conta_corrente (id_conta_corrente, saldo, id_agencia, id_cliente) VALUES
	(1, 1000.00, 1, 1),
	(2, 1500.00, 2, 2),
	(3, 2000.00, 3, 3);
	
	-- Inserir dados na tabela "departamento"
	INSERT INTO public.departamento (id_departamento, nome, responsavel, sigla) VALUES
	(1, 'Superintendência de TI', 'Felipe', 'STI'),
	(2, 'Coordenadoria de Suporte de TI', 'Vitória', 'COATSUT'),
	(3, 'Coordenadoria de Infraestrutura', 'Neto', 'COIET'),
	(4, 'Coordenadoria de Desenvolvimento', 'Rafael', 'CODEMSI');
	
	-- Inserir dados na tabela "emprestimo"
	INSERT INTO public.emprestimo (id_emprestimo, dt_efetivacao, valor, dt_encerramento, id_conta_corrente) VALUES
	(1, '2025-04-01', 500.00, '2025-05-01', 1),
	(2, '2025-04-15', 1000.00, '2025-06-01', 2),
	(3, '2025-03-22', 1500.00, '2025-07-01', 3);
	
	-- Inserir dados na tabela "funcionario"
	INSERT INTO public.funcionario (id_funcionario, nome, cpf, sexo, telefone, endereco, dt_admissao, funcao, matricula, id_departamento) VALUES
	(1, 'Marcos Vieira', '12345678901', 'M', '65991234567', 'Rua Alpha, 101', '2022-03-15', 'Técnico de Suporte', 'MAT2022001', 2),
	(2, 'Luciana Torres', '23456789012', 'F', '65992345678', 'Rua Beta, 202', '2023-01-10', 'Analista de Suporte', 'MAT2023002', 2),
	(3, 'Carlos Mendes', '34567890123', 'M', '65993456789', 'Av. Central, 303', '2021-08-01', 'Administrador de Redes', 'MAT2021003', 3),
	(4, 'Patrícia Almeida', '45678901234', 'F', '65994567890', 'Rua das Árvores, 404', '2022-11-20', 'Engenheira de Infraestrutura', 'MAT2022004', 3),
	(5, 'Tiago Martins', '56789012345', 'M', '65995678901', 'Rua do Código, 505', '2020-05-05', 'Desenvolvedor Back-End', 'MAT2020005', 4),
	(6, 'Fernanda Lima', '67890123456', 'F', '65996789012', 'Av. Tech, 606', '2023-04-12', 'Desenvolvedora Front-End', 'MAT2023006', 4),
	(7, 'Juliana Souza', '78901234567', 'F', '65997890123', 'Rua da Inovação, 707', '2021-09-15', 'Gerente de Projetos', 'MAT2021007', 1),
	(8, 'André Ferreira', '89012345678', 'M', '65998901234', 'Av. Principal, 808', '2022-02-28', 'Coordenador de TI', 'MAT2022008', 1);
	
	-- Inserir dados na tabela "medico"
	INSERT INTO public.medico (id_medico, nome, dt_nascimento, sexo, telefone, endereco, especialidade, crm) VALUES
	(1, 'Otoniel S Silva', '2001-11-22', 'M', '65996112211', 'JD.Florianopolis R:20 QD:70 N°15', 'Cirurgião Cardíaco', '320077'),
	(2, 'Vitória Cristina', '2001-07-07', 'F', '65996112211', 'JD.araes', 'Cirurgião Cérebro', '298120'),
	(3, 'Otto S Silva', '2000-09-10', 'M', '65996112211', 'JD.Florianopolis R:20 QD:70 N°15', 'Médico Clínico', '05050');
	
	-- Inserir dados na tabela "paciente"
	INSERT INTO public.paciente (id_paciente, nome, rg, cpf, dt_nascimento, sexo, endereco, email, telefone) VALUES
	(1, 'Ana Paula Silva', '123456789', '11122233344', '1990-05-12', 'F', 'Rua das Flores, 123', 'ana.silva@gmail.com', '(11) 91234-5678'),
	(2, 'Bruno Costa Almeida', '987654321', '22233344455', '1985-08-23', 'M', 'Av. Brasil, 456', 'bruno.almeida@yahoo.com', '(21) 99876-5432'),
	(3, 'Carlos Henrique Souza', '456789123', '33344455566', '1979-11-02', 'M', 'Rua A, nº 10, Centro', 'carlos.souza@outlook.com', '(31) 97788-1122'),
	(4, 'Daniela Moura Lopes', '321654987', '44455566677', '1995-03-18', 'F', 'Rua B, nº 25, Bairro Novo', 'daniela.lopes@gmail.com', '(41) 96655-4433'),
	(5, 'Eduarda Ramos Teles', '654987321', '55566677788', '2000-12-30', 'F', 'Trav
	
2025-05-14 14:28:04 -04 ERRO:  cadeia de caracteres entre aspas não foi terminada em ou próximo a "'Trav
	" no caractere 5795
2025-05-14 14:28:04 -04 COMANDO:  -- Inserir dados na tabela "agencia"
	INSERT INTO public.agencia (id_agencia, nome, cidade, uf) VALUES
	(1, 'Agência Central', 'São Paulo', 'SP'),
	(2, 'Agência Sul', 'Rio de Janeiro', 'RJ'),
	(3, 'Agência Norte', 'Belo Horizonte', 'MG');
	
	-- Inserir dados na tabela "cliente"
	INSERT INTO public.cliente (id_cliente, nome, telefone, logradouro, cidade, uf) VALUES
	(1, 'Ana Paula Silva', '(11) 91234-5678', 'Rua das Flores, 123', 'São Paulo', 'SP'),
	(2, 'Bruno Costa Almeida', '(21) 99876-5432', 'Av. Brasil, 456', 'Rio de Janeiro', 'RJ'),
	(3, 'Carlos Henrique Souza', '(31) 97788-1122', 'Rua A, nº 10, Centro', 'Belo Horizonte', 'MG'),
	(4, 'Daniela Moura Lopes', '(41) 96655-4433', 'Rua B, nº 25, Bairro Novo', 'Curitiba', 'PR'),
	(5, 'Eduarda Ramos Teles', '(71) 93456-7890', 'Travessa da Paz, 77', 'Salvador', 'BA'),
	(6, 'Felipe Martins Rocha', '(85) 94567-1234', 'Av. Central, 89', 'Fortaleza', 'CE');
	
	-- Inserir dados na tabela "consulta"
	INSERT INTO public.consulta (id_consulta, dt_consulta, localizacao, hr_consulta, prescricao, pedido_exame, diagnostico, id_paciente, id_medico) VALUES
	(1, '2025-04-01', 'Sala 101', '08:30:00', 'Paracetamol 500mg 3x ao dia', 'Exame de sangue', 'Febre e dor de cabeça', 1, 1),
	(2, '2025-04-15', 'Sala 102', '10:00:00', 'Amoxicilina 500mg 2x ao dia', 'Raio-X do tórax', 'Infecção respiratória', 1, 2),
	(3, '2025-03-22', 'Sala 201', '09:00:00', 'Dipirona 1g se dor', 'Exame de urina', 'Cólica abdominal', 2, 3),
	(4, '2025-04-10', 'Sala 103', '14:00:00', 'Ibuprofeno 600mg', 'Ultrassom abdominal', 'Dor abdominal', 2, 1),
	(5, '2025-03-30', 'Sala 104', '11:30:00', 'Repouso e hidratação', 'Exame PCR', 'Virose', 3, 2),
	(6, '2025-04-12', 'Sala 105', '13:00:00', 'Losartana 50mg', 'Eletrocardiograma', 'Pressão alta', 3, 3),
	(7, '2025-04-02', 'Sala 106', '08:45:00', 'Vitamina D 50.000 UI', 'Exame de sangue', 'Fraqueza muscular', 4, 1),
	(8, '2025-04-16', 'Sala 101', '10:30:00', 'Antibiótico tópico', 'Cultura de secreção', 'Infecção de pele', 4, 2),
	(9, '2025-04-05', 'Sala 102', '15:00:00', 'Hidroclorotiazida 25mg', 'Exame de sangue', 'Retenção de líquidos', 5, 3),
	(10, '2025-04-20', 'Sala 103', '09:45:00', 'Pomada antifúngica', 'Exame micológico', 'Micose', 5, 1),
	(11, '2025-04-08', 'Sala 104', '11:15:00', 'Analgésico leve', 'RX de coluna', 'Dor lombar', 6, 2),
	(12, '2025-04-25', 'Sala 105', '13:30:00', 'Antiinflamatório', 'Ressonância', 'Hérnia de disco', 6, 3);
	
	-- Inserir dados na tabela "conta_corrente"
	INSERT INTO public.conta_corrente (id_conta_corrente, saldo, id_agencia, id_cliente) VALUES
	(1, 1000.00, 1, 1),
	(2, 1500.00, 2, 2),
	(3, 2000.00, 3, 3);
	
	-- Inserir dados na tabela "departamento"
	INSERT INTO public.departamento (id_departamento, nome, responsavel, sigla) VALUES
	(1, 'Superintendência de TI', 'Felipe', 'STI'),
	(2, 'Coordenadoria de Suporte de TI', 'Vitória', 'COATSUT'),
	(3, 'Coordenadoria de Infraestrutura', 'Neto', 'COIET'),
	(4, 'Coordenadoria de Desenvolvimento', 'Rafael', 'CODEMSI');
	
	-- Inserir dados na tabela "emprestimo"
	INSERT INTO public.emprestimo (id_emprestimo, dt_efetivacao, valor, dt_encerramento, id_conta_corrente) VALUES
	(1, '2025-04-01', 500.00, '2025-05-01', 1),
	(2, '2025-04-15', 1000.00, '2025-06-01', 2),
	(3, '2025-03-22', 1500.00, '2025-07-01', 3);
	
	-- Inserir dados na tabela "funcionario"
	INSERT INTO public.funcionario (id_funcionario, nome, cpf, sexo, telefone, endereco, dt_admissao, funcao, matricula, id_departamento) VALUES
	(1, 'Marcos Vieira', '12345678901', 'M', '65991234567', 'Rua Alpha, 101', '2022-03-15', 'Técnico de Suporte', 'MAT2022001', 2),
	(2, 'Luciana Torres', '23456789012', 'F', '65992345678', 'Rua Beta, 202', '2023-01-10', 'Analista de Suporte', 'MAT2023002', 2),
	(3, 'Carlos Mendes', '34567890123', 'M', '65993456789', 'Av. Central, 303', '2021-08-01', 'Administrador de Redes', 'MAT2021003', 3),
	(4, 'Patrícia Almeida', '45678901234', 'F', '65994567890', 'Rua das Árvores, 404', '2022-11-20', 'Engenheira de Infraestrutura', 'MAT2022004', 3),
	(5, 'Tiago Martins', '56789012345', 'M', '65995678901', 'Rua do Código, 505', '2020-05-05', 'Desenvolvedor Back-End', 'MAT2020005', 4),
	(6, 'Fernanda Lima', '67890123456', 'F', '65996789012', 'Av. Tech, 606', '2023-04-12', 'Desenvolvedora Front-End', 'MAT2023006', 4),
	(7, 'Juliana Souza', '78901234567', 'F', '65997890123', 'Rua da Inovação, 707', '2021-09-15', 'Gerente de Projetos', 'MAT2021007', 1),
	(8, 'André Ferreira', '89012345678', 'M', '65998901234', 'Av. Principal, 808', '2022-02-28', 'Coordenador de TI', 'MAT2022008', 1);
	
	-- Inserir dados na tabela "medico"
	INSERT INTO public.medico (id_medico, nome, dt_nascimento, sexo, telefone, endereco, especialidade, crm) VALUES
	(1, 'Otoniel S Silva', '2001-11-22', 'M', '65996112211', 'JD.Florianopolis R:20 QD:70 N°15', 'Cirurgião Cardíaco', '320077'),
	(2, 'Vitória Cristina', '2001-07-07', 'F', '65996112211', 'JD.araes', 'Cirurgião Cérebro', '298120'),
	(3, 'Otto S Silva', '2000-09-10', 'M', '65996112211', 'JD.Florianopolis R:20 QD:70 N°15', 'Médico Clínico', '05050');
	
	-- Inserir dados na tabela "paciente"
	INSERT INTO public.paciente (id_paciente, nome, rg, cpf, dt_nascimento, sexo, endereco, email, telefone) VALUES
	(1, 'Ana Paula Silva', '123456789', '11122233344', '1990-05-12', 'F', 'Rua das Flores, 123', 'ana.silva@gmail.com', '(11) 91234-5678'),
	(2, 'Bruno Costa Almeida', '987654321', '22233344455', '1985-08-23', 'M', 'Av. Brasil, 456', 'bruno.almeida@yahoo.com', '(21) 99876-5432'),
	(3, 'Carlos Henrique Souza', '456789123', '33344455566', '1979-11-02', 'M', 'Rua A, nº 10, Centro', 'carlos.souza@outlook.com', '(31) 97788-1122'),
	(4, 'Daniela Moura Lopes', '321654987', '44455566677', '1995-03-18', 'F', 'Rua B, nº 25, Bairro Novo', 'daniela.lopes@gmail.com', '(41) 96655-4433'),
	(5, 'Eduarda Ramos Teles', '654987321', '55566677788', '2000-12-30', 'F', 'Trav
	
2025-05-14 14:28:37 -04 ERRO:  cadeia de caracteres entre aspas não foi terminada em ou próximo a "'Trav
	" no caractere 761
2025-05-14 14:28:37 -04 COMANDO:  INSERT INTO public.paciente (id_paciente, nome, rg, cpf, dt_nascimento, sexo, endereco, email, telefone) VALUES
	(1, 'Ana Paula Silva', '123456789', '11122233344', '1990-05-12', 'F', 'Rua das Flores, 123', 'ana.silva@gmail.com', '(11) 91234-5678'),
	(2, 'Bruno Costa Almeida', '987654321', '22233344455', '1985-08-23', 'M', 'Av. Brasil, 456', 'bruno.almeida@yahoo.com', '(21) 99876-5432'),
	(3, 'Carlos Henrique Souza', '456789123', '33344455566', '1979-11-02', 'M', 'Rua A, nº 10, Centro', 'carlos.souza@outlook.com', '(31) 97788-1122'),
	(4, 'Daniela Moura Lopes', '321654987', '44455566677', '1995-03-18', 'F', 'Rua B, nº 25, Bairro Novo', 'daniela.lopes@gmail.com', '(41) 96655-4433'),
	(5, 'Eduarda Ramos Teles', '654987321', '55566677788', '2000-12-30', 'F', 'Trav
	
2025-05-14 14:29:41 -04 LOG:  checkpoint starting: time
2025-05-14 14:29:43 -04 LOG:  checkpoint complete: wrote 12 buffers (0.1%); 0 WAL file(s) added, 0 removed, 0 recycled; write=1.215 s, sync=0.021 s, total=1.428 s; sync files=10, longest=0.003 s, average=0.003 s; distance=6 kB, estimate=3688 kB; lsn=0/1E77F40, redo lsn=0/1E77EE8
2025-05-14 14:34:41 -04 LOG:  checkpoint starting: time
2025-05-14 14:34:41 -04 LOG:  checkpoint complete: wrote 5 buffers (0.0%); 0 WAL file(s) added, 0 removed, 0 recycled; write=0.439 s, sync=0.012 s, total=0.494 s; sync files=5, longest=0.004 s, average=0.003 s; distance=1 kB, estimate=3319 kB; lsn=0/1E784C8, redo lsn=0/1E78470
